[debug] [2021-08-12T11:19:19.922Z] ----------------------------------------------------------------------
[debug] [2021-08-12T11:19:19.925Z] Command:       C:\Program Files\nodejs\node.exe C:\Users\Admin\AppData\Roaming\npm\node_modules\firebase-tools\lib\bin\firebase.js emulators:start
[debug] [2021-08-12T11:19:19.926Z] CLI Version:   9.16.0
[debug] [2021-08-12T11:19:19.926Z] Platform:      win32
[debug] [2021-08-12T11:19:19.926Z] Node Version:  v14.16.1
[debug] [2021-08-12T11:19:19.933Z] Time:          Thu Aug 12 2021 16:49:19 GMT+0530 (India Standard Time)
[debug] [2021-08-12T11:19:19.933Z] ----------------------------------------------------------------------
[debug] 
[debug] [2021-08-12T11:19:20.011Z] > command requires scopes: ["email","openid","https://www.googleapis.com/auth/cloudplatformprojects.readonly","https://www.googleapis.com/auth/firebase","https://www.googleapis.com/auth/cloud-platform"]
[debug] [2021-08-12T11:19:20.011Z] > authorizing via signed-in user (jaiyantanjaiyantan34509@gmail.com)
[info] i  emulators: Starting emulators: auth, functions, firestore {"metadata":{"emulator":{"name":"hub"},"message":"Starting emulators: auth, functions, firestore"}}
[debug] [2021-08-12T11:19:20.054Z] [hub] writing locator at C:\Users\Admin\AppData\Local\Temp\hub-e-commerce-c46d1.json
[warn] !  functions: The following emulators are not running, calls to these services from the Functions emulator will affect production: database, hosting, pubsub, storage {"metadata":{"emulator":{"name":"functions"},"message":"The following emulators are not running, calls to these services from the Functions emulator will affect production: \u001b[1mdatabase, hosting, pubsub, storage\u001b[22m"}}
[info] +  functions: Using node@14 from host. {"metadata":{"emulator":{"name":"functions"},"message":"Using node@14 from host."}}
[debug] [2021-08-12T11:19:20.380Z] defaultcredentials: writing to file C:\Users\Admin\AppData\Roaming\firebase\jaiyantanjaiyantan34509_gmail_com_application_default_credentials.json
[debug] [2021-08-12T11:19:20.390Z] Setting GAC to C:\Users\Admin\AppData\Roaming\firebase\jaiyantanjaiyantan34509_gmail_com_application_default_credentials.json {"metadata":{"emulator":{"name":"functions"},"message":"Setting GAC to C:\\Users\\Admin\\AppData\\Roaming\\firebase\\jaiyantanjaiyantan34509_gmail_com_application_default_credentials.json"}}
[debug] [2021-08-12T11:19:20.391Z] > refreshing access token with scopes: []
[debug] [2021-08-12T11:19:20.393Z] >>> HTTP REQUEST POST https://www.googleapis.com/oauth2/v3/token  
 <request body omitted>
[debug] [2021-08-12T11:19:21.111Z] <<< HTTP RESPONSE 200 {"pragma":"no-cache","cache-control":"no-cache, no-store, max-age=0, must-revalidate","date":"Thu, 12 Aug 2021 11:19:20 GMT","expires":"Mon, 01 Jan 1990 00:00:00 GMT","content-type":"application/json; charset=utf-8","vary":"X-Origin, Referer, Origin,Accept-Encoding","server":"scaffolding on HTTPServer2","x-xss-protection":"0","x-frame-options":"SAMEORIGIN","x-content-type-options":"nosniff","alt-svc":"h3=\":443\"; ma=2592000,h3-29=\":443\"; ma=2592000,h3-T051=\":443\"; ma=2592000,h3-Q050=\":443\"; ma=2592000,h3-Q046=\":443\"; ma=2592000,h3-Q043=\":443\"; ma=2592000,quic=\":443\"; ma=2592000; v=\"46,43\"","accept-ranges":"none","transfer-encoding":"chunked"}
[debug] [2021-08-12T11:19:21.309Z] >>> [apiv2][query] GET https://firebase.googleapis.com/v1beta1/projects/e-commerce-c46d1/adminSdkConfig [none]
[debug] [2021-08-12T11:19:21.795Z] <<< [apiv2][status] GET https://firebase.googleapis.com/v1beta1/projects/e-commerce-c46d1/adminSdkConfig 200
[debug] [2021-08-12T11:19:21.796Z] <<< [apiv2][body] GET https://firebase.googleapis.com/v1beta1/projects/e-commerce-c46d1/adminSdkConfig {"projectId":"e-commerce-c46d1","storageBucket":"e-commerce-c46d1.appspot.com","locationId":"us-central"}
[warn] !  firestore: Did not find a Cloud Firestore rules file specified in a firebase.json config file. {"metadata":{"emulator":{"name":"firestore"},"message":"Did not find a Cloud Firestore rules file specified in a firebase.json config file."}}
[warn] !  firestore: The emulator will default to allowing all reads and writes. Learn more about this option: https://firebase.google.com/docs/emulator-suite/install_and_configure#security_rules_configuration. {"metadata":{"emulator":{"name":"firestore"},"message":"The emulator will default to allowing all reads and writes. Learn more about this option: https://firebase.google.com/docs/emulator-suite/install_and_configure#security_rules_configuration."}}
[debug] [2021-08-12T11:19:21.877Z] Ignoring unsupported arg: projectId {"metadata":{"emulator":{"name":"firestore"},"message":"Ignoring unsupported arg: projectId"}}
[debug] [2021-08-12T11:19:21.877Z] Ignoring unsupported arg: auto_download {"metadata":{"emulator":{"name":"firestore"},"message":"Ignoring unsupported arg: auto_download"}}
[debug] [2021-08-12T11:19:21.878Z] Starting Firestore Emulator with command {"binary":"java","args":["-Dgoogle.cloud_firestore.debug_log_level=FINE","-Duser.language=en","-jar","C:\\Users\\Admin\\.cache\\firebase\\emulators\\cloud-firestore-emulator-v1.13.1.jar","--host","localhost","--port",8089,"--functions_emulator","localhost:5001"],"optionalArgs":["port","webchannel_port","host","rules","functions_emulator","seed_from_export"],"joinArgs":false} {"metadata":{"emulator":{"name":"firestore"},"message":"Starting Firestore Emulator with command {\"binary\":\"java\",\"args\":[\"-Dgoogle.cloud_firestore.debug_log_level=FINE\",\"-Duser.language=en\",\"-jar\",\"C:\\\\Users\\\\Admin\\\\.cache\\\\firebase\\\\emulators\\\\cloud-firestore-emulator-v1.13.1.jar\",\"--host\",\"localhost\",\"--port\",8089,\"--functions_emulator\",\"localhost:5001\"],\"optionalArgs\":[\"port\",\"webchannel_port\",\"host\",\"rules\",\"functions_emulator\",\"seed_from_export\"],\"joinArgs\":false}"}}
[info] i  firestore: Firestore Emulator logging to firestore-debug.log {"metadata":{"emulator":{"name":"firestore"},"message":"Firestore Emulator logging to \u001b[1mfirestore-debug.log\u001b[22m"}}
[debug] [2021-08-12T11:19:44.819Z] Aug 12, 2021 4:49:43 PM com.google.cloud.datastore.emulator.firestore.websocket.WebSocketServer start
INFO: Started WebSocket server on ws://localhost:60042
 {"metadata":{"emulator":{"name":"firestore"},"message":"Aug 12, 2021 4:49:43 PM com.google.cloud.datastore.emulator.firestore.websocket.WebSocketServer start\r\nINFO: Started WebSocket server on ws://localhost:60042\r\n"}}
[debug] [2021-08-12T11:19:44.875Z] API endpoint: http://localhost: {"metadata":{"emulator":{"name":"firestore"},"message":"API endpoint: http://localhost:"}}
[debug] [2021-08-12T11:19:44.875Z] 8089
If you are using a library that supports the FIRESTORE_EMULATOR_HOST environment variable, run:

   export FIRESTORE_EMULATOR_HOST=localhost:8089

Dev App Server is now running.

 {"metadata":{"emulator":{"name":"firestore"},"message":"8089\nIf you are using a library that supports the FIRESTORE_EMULATOR_HOST environment variable, run:\r\n\n   export FIRESTORE_EMULATOR_HOST=localhost:8089\n\nDev App Server is now running.\n\r\n"}}
[debug] [2021-08-12T11:19:48.990Z] Ignoring unsupported arg: auto_download {"metadata":{"emulator":{"name":"ui"},"message":"Ignoring unsupported arg: auto_download"}}
[debug] [2021-08-12T11:19:48.990Z] Ignoring unsupported arg: port {"metadata":{"emulator":{"name":"ui"},"message":"Ignoring unsupported arg: port"}}
[debug] [2021-08-12T11:19:48.990Z] Starting Emulator UI with command {"binary":"node","args":["C:\\Users\\Admin\\.cache\\firebase\\emulators\\ui-v1.6.0\\server.bundle.js"],"optionalArgs":[],"joinArgs":false} {"metadata":{"emulator":{"name":"ui"},"message":"Starting Emulator UI with command {\"binary\":\"node\",\"args\":[\"C:\\\\Users\\\\Admin\\\\.cache\\\\firebase\\\\emulators\\\\ui-v1.6.0\\\\server.bundle.js\"],\"optionalArgs\":[],\"joinArgs\":false}"}}
[info] i  ui: Emulator UI logging to ui-debug.log {"metadata":{"emulator":{"name":"ui"},"message":"Emulator UI logging to \u001b[1mui-debug.log\u001b[22m"}}
[debug] [2021-08-12T11:19:49.847Z] Web / API server started at localhost:4000
 {"metadata":{"emulator":{"name":"ui"},"message":"Web / API server started at localhost:4000\n"}}
[info] i  functions: Watching "C:\Users\Admin\e-commerce-website\functions" for Cloud Functions... {"metadata":{"emulator":{"name":"functions"},"message":"Watching \"C:\\Users\\Admin\\e-commerce-website\\functions\" for Cloud Functions..."}}
[debug] [2021-08-12T11:19:50.165Z] [worker-pool] addWorker(~diagnostic~) {"metadata":{"emulator":{"name":"functions"},"message":"[worker-pool] addWorker(~diagnostic~)"}}
[debug] [2021-08-12T11:19:50.165Z] [worker-pool] Adding worker with key ~diagnostic~, total=1 {"metadata":{"emulator":{"name":"functions"},"message":"[worker-pool] Adding worker with key ~diagnostic~, total=1"}}
[debug] [2021-08-12T11:19:50.166Z] [worker-pool] submitWork(triggerId=) {"metadata":{"emulator":{"name":"functions"},"message":"[worker-pool] submitWork(triggerId=)"}}
[debug] [2021-08-12T11:19:50.166Z] [worker-~diagnostic~-aa184fa0-7edc-4864-8baa-e6e187f7b276]: Assigning socketPath: \\?\pipe\C:\Users\Admin\e-commerce-website\functions\31384 {"metadata":{"emulator":{"name":"functions"},"message":"[worker-~diagnostic~-aa184fa0-7edc-4864-8baa-e6e187f7b276]: Assigning socketPath: \\\\?\\pipe\\C:\\Users\\Admin\\e-commerce-website\\functions\\31384"}}
[debug] [2021-08-12T11:19:50.167Z] [worker-~diagnostic~-aa184fa0-7edc-4864-8baa-e6e187f7b276]: BUSY {"metadata":{"emulator":{"name":"functions"},"message":"[worker-~diagnostic~-aa184fa0-7edc-4864-8baa-e6e187f7b276]: BUSY"}}
[debug] [2021-08-12T11:19:50.699Z] [runtime-status] [31384] Functions runtime initialized. {"cwd":"C:\\Users\\Admin\\e-commerce-website\\functions","node_version":"14.16.1"} {"metadata":{"emulator":{"name":"functions"},"message":"[runtime-status] [31384] Functions runtime initialized. {\"cwd\":\"C:\\\\Users\\\\Admin\\\\e-commerce-website\\\\functions\",\"node_version\":\"14.16.1\"}"}}
[debug] [2021-08-12T11:19:50.703Z] [runtime-status] [31384] Disabled runtime features: undefined {"metadata":{"emulator":{"name":"functions"},"message":"[runtime-status] [31384] Disabled runtime features: undefined"}}
[debug] [2021-08-12T11:19:50.770Z] [runtime-status] [31384] Resolved module firebase-admin {"declared":true,"installed":true,"version":"9.11.0","resolution":"C:\\Users\\Admin\\e-commerce-website\\functions\\node_modules\\firebase-admin\\lib\\index.js"} {"metadata":{"emulator":{"name":"functions"},"message":"[runtime-status] [31384] Resolved module firebase-admin {\"declared\":true,\"installed\":true,\"version\":\"9.11.0\",\"resolution\":\"C:\\\\Users\\\\Admin\\\\e-commerce-website\\\\functions\\\\node_modules\\\\firebase-admin\\\\lib\\\\index.js\"}"}}
[debug] [2021-08-12T11:19:50.807Z] [runtime-status] [31384] Resolved module firebase-functions {"declared":true,"installed":true,"version":"3.14.1","resolution":"C:\\Users\\Admin\\e-commerce-website\\functions\\node_modules\\firebase-functions\\lib\\index.js"} {"metadata":{"emulator":{"name":"functions"},"message":"[runtime-status] [31384] Resolved module firebase-functions {\"declared\":true,\"installed\":true,\"version\":\"3.14.1\",\"resolution\":\"C:\\\\Users\\\\Admin\\\\e-commerce-website\\\\functions\\\\node_modules\\\\firebase-functions\\\\lib\\\\index.js\"}"}}
[debug] [2021-08-12T11:19:50.825Z] [runtime-status] [31384] Resolved module firebase-functions {"declared":true,"installed":true,"version":"3.14.1","resolution":"C:\\Users\\Admin\\e-commerce-website\\functions\\node_modules\\firebase-functions\\lib\\index.js"} {"metadata":{"emulator":{"name":"functions"},"message":"[runtime-status] [31384] Resolved module firebase-functions {\"declared\":true,\"installed\":true,\"version\":\"3.14.1\",\"resolution\":\"C:\\\\Users\\\\Admin\\\\e-commerce-website\\\\functions\\\\node_modules\\\\firebase-functions\\\\lib\\\\index.js\"}"}}
[debug] [2021-08-12T11:19:50.830Z] [runtime-status] [31384] Outgoing network have been stubbed. [{"name":"http","status":"mocked"},{"name":"http","status":"mocked"},{"name":"https","status":"mocked"},{"name":"https","status":"mocked"},{"name":"net","status":"mocked"}] {"metadata":{"emulator":{"name":"functions"},"message":"[runtime-status] [31384] Outgoing network have been stubbed. [{\"name\":\"http\",\"status\":\"mocked\"},{\"name\":\"http\",\"status\":\"mocked\"},{\"name\":\"https\",\"status\":\"mocked\"},{\"name\":\"https\",\"status\":\"mocked\"},{\"name\":\"net\",\"status\":\"mocked\"}]"}}
[debug] [2021-08-12T11:19:50.832Z] [runtime-status] [31384] Resolved module firebase-functions {"declared":true,"installed":true,"version":"3.14.1","resolution":"C:\\Users\\Admin\\e-commerce-website\\functions\\node_modules\\firebase-functions\\lib\\index.js"} {"metadata":{"emulator":{"name":"functions"},"message":"[runtime-status] [31384] Resolved module firebase-functions {\"declared\":true,\"installed\":true,\"version\":\"3.14.1\",\"resolution\":\"C:\\\\Users\\\\Admin\\\\e-commerce-website\\\\functions\\\\node_modules\\\\firebase-functions\\\\lib\\\\index.js\"}"}}
[debug] [2021-08-12T11:19:51.698Z] [runtime-status] [31384] Checked functions.config() {"config":{}} {"metadata":{"emulator":{"name":"functions"},"message":"[runtime-status] [31384] Checked functions.config() {\"config\":{}}"}}
[debug] [2021-08-12T11:19:51.699Z] [runtime-status] [31384] firebase-functions has been stubbed. {"functionsResolution":{"declared":true,"installed":true,"version":"3.14.1","resolution":"C:\\Users\\Admin\\e-commerce-website\\functions\\node_modules\\firebase-functions\\lib\\index.js"}} {"metadata":{"emulator":{"name":"functions"},"message":"[runtime-status] [31384] firebase-functions has been stubbed. {\"functionsResolution\":{\"declared\":true,\"installed\":true,\"version\":\"3.14.1\",\"resolution\":\"C:\\\\Users\\\\Admin\\\\e-commerce-website\\\\functions\\\\node_modules\\\\firebase-functions\\\\lib\\\\index.js\"}}"}}
[debug] [2021-08-12T11:19:51.701Z] [runtime-status] [31384] Resolved module firebase-functions {"declared":true,"installed":true,"version":"3.14.1","resolution":"C:\\Users\\Admin\\e-commerce-website\\functions\\node_modules\\firebase-functions\\lib\\index.js"} {"metadata":{"emulator":{"name":"functions"},"message":"[runtime-status] [31384] Resolved module firebase-functions {\"declared\":true,\"installed\":true,\"version\":\"3.14.1\",\"resolution\":\"C:\\\\Users\\\\Admin\\\\e-commerce-website\\\\functions\\\\node_modules\\\\firebase-functions\\\\lib\\\\index.js\"}"}}
[debug] [2021-08-12T11:19:51.707Z] [runtime-status] [31384] Resolved module firebase-admin {"declared":true,"installed":true,"version":"9.11.0","resolution":"C:\\Users\\Admin\\e-commerce-website\\functions\\node_modules\\firebase-admin\\lib\\index.js"} {"metadata":{"emulator":{"name":"functions"},"message":"[runtime-status] [31384] Resolved module firebase-admin {\"declared\":true,\"installed\":true,\"version\":\"9.11.0\",\"resolution\":\"C:\\\\Users\\\\Admin\\\\e-commerce-website\\\\functions\\\\node_modules\\\\firebase-admin\\\\lib\\\\index.js\"}"}}
[debug] [2021-08-12T11:19:51.710Z] [runtime-status] [31384] Resolved module firebase-functions {"declared":true,"installed":true,"version":"3.14.1","resolution":"C:\\Users\\Admin\\e-commerce-website\\functions\\node_modules\\firebase-functions\\lib\\index.js"} {"metadata":{"emulator":{"name":"functions"},"message":"[runtime-status] [31384] Resolved module firebase-functions {\"declared\":true,\"installed\":true,\"version\":\"3.14.1\",\"resolution\":\"C:\\\\Users\\\\Admin\\\\e-commerce-website\\\\functions\\\\node_modules\\\\firebase-functions\\\\lib\\\\index.js\"}"}}
[debug] [2021-08-12T11:19:51.711Z] [runtime-status] [31384] firebase-admin has been stubbed. {"adminResolution":{"declared":true,"installed":true,"version":"9.11.0","resolution":"C:\\Users\\Admin\\e-commerce-website\\functions\\node_modules\\firebase-admin\\lib\\index.js"}} {"metadata":{"emulator":{"name":"functions"},"message":"[runtime-status] [31384] firebase-admin has been stubbed. {\"adminResolution\":{\"declared\":true,\"installed\":true,\"version\":\"9.11.0\",\"resolution\":\"C:\\\\Users\\\\Admin\\\\e-commerce-website\\\\functions\\\\node_modules\\\\firebase-admin\\\\lib\\\\index.js\"}}"}}
[info] +  functions[us-central1-api]: http function initialized (http://localhost:5001/e-commerce-c46d1/us-central1/api). {"metadata":{"emulator":{"name":"functions"},"message":"\u001b[1mhttp\u001b[22m function initialized (http://localhost:5001/e-commerce-c46d1/us-central1/api)."}}
[info] 
┌─────────────────────────────────────────────────────────────┐
│ ✔  All emulators ready! It is now safe to connect your app. │
│ i  View Emulator UI at http://localhost:4000                │
└─────────────────────────────────────────────────────────────┘

┌────────────────┬────────────────┬─────────────────────────────────┐
│ Emulator       │ Host:Port      │ View in Emulator UI             │
├────────────────┼────────────────┼─────────────────────────────────┤
│ Authentication │ localhost:9099 │ http://localhost:4000/auth      │
├────────────────┼────────────────┼─────────────────────────────────┤
│ Functions      │ localhost:5001 │ http://localhost:4000/functions │
├────────────────┼────────────────┼─────────────────────────────────┤
│ Firestore      │ localhost:8089 │ http://localhost:4000/firestore │
└────────────────┴────────────────┴─────────────────────────────────┘
  Emulator Hub running at localhost:4400
  Other reserved ports: 4500

Issues? Report them at https://github.com/firebase/firebase-tools/issues and attach the *-debug.log files.
 
[debug] [2021-08-12T11:19:54.436Z] [worker-~diagnostic~-aa184fa0-7edc-4864-8baa-e6e187f7b276]: IDLE {"metadata":{"emulator":{"name":"functions"},"message":"[worker-~diagnostic~-aa184fa0-7edc-4864-8baa-e6e187f7b276]: IDLE"}}
[debug] [2021-08-12T11:20:02.626Z] [work-queue] {"queueLength":1,"workRunningCount":0}
[debug] [2021-08-12T11:20:02.627Z] [work-queue] {"queueLength":0,"workRunningCount":1}
[debug] [2021-08-12T11:20:02.628Z] Accepted request GET /e-commerce-c46d1/us-central1/api --> us-central1-api
[debug] [2021-08-12T11:20:02.644Z] [worker-pool] addWorker(us-central1-api) {"metadata":{"emulator":{"name":"functions"},"message":"[worker-pool] addWorker(us-central1-api)"}}
[debug] [2021-08-12T11:20:02.645Z] [worker-pool] Adding worker with key us-central1-api, total=1 {"metadata":{"emulator":{"name":"functions"},"message":"[worker-pool] Adding worker with key us-central1-api, total=1"}}
[debug] [2021-08-12T11:20:02.645Z] [worker-pool] submitWork(triggerId=us-central1-api) {"metadata":{"emulator":{"name":"functions"},"message":"[worker-pool] submitWork(triggerId=us-central1-api)"}}
[debug] [2021-08-12T11:20:02.646Z] [worker-us-central1-api-b3178e2e-4a14-45ea-bb4b-89f4a62083ca]: Assigning socketPath: \\?\pipe\C:\Users\Admin\e-commerce-website\functions\24328 {"metadata":{"emulator":{"name":"functions"},"message":"[worker-us-central1-api-b3178e2e-4a14-45ea-bb4b-89f4a62083ca]: Assigning socketPath: \\\\?\\pipe\\C:\\Users\\Admin\\e-commerce-website\\functions\\24328"}}
[debug] [2021-08-12T11:20:02.646Z] [worker-us-central1-api-b3178e2e-4a14-45ea-bb4b-89f4a62083ca]: BUSY {"metadata":{"emulator":{"name":"functions"},"message":"[worker-us-central1-api-b3178e2e-4a14-45ea-bb4b-89f4a62083ca]: BUSY"}}
[debug] [2021-08-12T11:20:03.133Z] [runtime-status] [24328] Functions runtime initialized. {"cwd":"C:\\Users\\Admin\\e-commerce-website\\functions","node_version":"14.16.1"} {"metadata":{"emulator":{"name":"functions"},"function":{"name":"us-central1-api"},"message":"[runtime-status] [24328] Functions runtime initialized. {\"cwd\":\"C:\\\\Users\\\\Admin\\\\e-commerce-website\\\\functions\",\"node_version\":\"14.16.1\"}"}}
[debug] [2021-08-12T11:20:03.139Z] [runtime-status] [24328] Disabled runtime features: undefined {"metadata":{"emulator":{"name":"functions"},"function":{"name":"us-central1-api"},"message":"[runtime-status] [24328] Disabled runtime features: undefined"}}
[debug] [2021-08-12T11:20:03.143Z] [runtime-status] [24328] Resolved module firebase-admin {"declared":true,"installed":true,"version":"9.11.0","resolution":"C:\\Users\\Admin\\e-commerce-website\\functions\\node_modules\\firebase-admin\\lib\\index.js"} {"metadata":{"emulator":{"name":"functions"},"function":{"name":"us-central1-api"},"message":"[runtime-status] [24328] Resolved module firebase-admin {\"declared\":true,\"installed\":true,\"version\":\"9.11.0\",\"resolution\":\"C:\\\\Users\\\\Admin\\\\e-commerce-website\\\\functions\\\\node_modules\\\\firebase-admin\\\\lib\\\\index.js\"}"}}
[debug] [2021-08-12T11:20:03.145Z] [runtime-status] [24328] Resolved module firebase-functions {"declared":true,"installed":true,"version":"3.14.1","resolution":"C:\\Users\\Admin\\e-commerce-website\\functions\\node_modules\\firebase-functions\\lib\\index.js"} {"metadata":{"emulator":{"name":"functions"},"function":{"name":"us-central1-api"},"message":"[runtime-status] [24328] Resolved module firebase-functions {\"declared\":true,\"installed\":true,\"version\":\"3.14.1\",\"resolution\":\"C:\\\\Users\\\\Admin\\\\e-commerce-website\\\\functions\\\\node_modules\\\\firebase-functions\\\\lib\\\\index.js\"}"}}
[debug] [2021-08-12T11:20:03.156Z] [runtime-status] [24328] Resolved module firebase-functions {"declared":true,"installed":true,"version":"3.14.1","resolution":"C:\\Users\\Admin\\e-commerce-website\\functions\\node_modules\\firebase-functions\\lib\\index.js"} {"metadata":{"emulator":{"name":"functions"},"function":{"name":"us-central1-api"},"message":"[runtime-status] [24328] Resolved module firebase-functions {\"declared\":true,\"installed\":true,\"version\":\"3.14.1\",\"resolution\":\"C:\\\\Users\\\\Admin\\\\e-commerce-website\\\\functions\\\\node_modules\\\\firebase-functions\\\\lib\\\\index.js\"}"}}
[debug] [2021-08-12T11:20:03.158Z] [runtime-status] [24328] Outgoing network have been stubbed. [{"name":"http","status":"mocked"},{"name":"http","status":"mocked"},{"name":"https","status":"mocked"},{"name":"https","status":"mocked"},{"name":"net","status":"mocked"}] {"metadata":{"emulator":{"name":"functions"},"function":{"name":"us-central1-api"},"message":"[runtime-status] [24328] Outgoing network have been stubbed. [{\"name\":\"http\",\"status\":\"mocked\"},{\"name\":\"http\",\"status\":\"mocked\"},{\"name\":\"https\",\"status\":\"mocked\"},{\"name\":\"https\",\"status\":\"mocked\"},{\"name\":\"net\",\"status\":\"mocked\"}]"}}
[debug] [2021-08-12T11:20:03.159Z] [runtime-status] [24328] Resolved module firebase-functions {"declared":true,"installed":true,"version":"3.14.1","resolution":"C:\\Users\\Admin\\e-commerce-website\\functions\\node_modules\\firebase-functions\\lib\\index.js"} {"metadata":{"emulator":{"name":"functions"},"function":{"name":"us-central1-api"},"message":"[runtime-status] [24328] Resolved module firebase-functions {\"declared\":true,\"installed\":true,\"version\":\"3.14.1\",\"resolution\":\"C:\\\\Users\\\\Admin\\\\e-commerce-website\\\\functions\\\\node_modules\\\\firebase-functions\\\\lib\\\\index.js\"}"}}
[debug] [2021-08-12T11:20:03.235Z] [runtime-status] [24328] Checked functions.config() {"config":{}} {"metadata":{"emulator":{"name":"functions"},"function":{"name":"us-central1-api"},"message":"[runtime-status] [24328] Checked functions.config() {\"config\":{}}"}}
[debug] [2021-08-12T11:20:03.236Z] [runtime-status] [24328] firebase-functions has been stubbed. {"functionsResolution":{"declared":true,"installed":true,"version":"3.14.1","resolution":"C:\\Users\\Admin\\e-commerce-website\\functions\\node_modules\\firebase-functions\\lib\\index.js"}} {"metadata":{"emulator":{"name":"functions"},"function":{"name":"us-central1-api"},"message":"[runtime-status] [24328] firebase-functions has been stubbed. {\"functionsResolution\":{\"declared\":true,\"installed\":true,\"version\":\"3.14.1\",\"resolution\":\"C:\\\\Users\\\\Admin\\\\e-commerce-website\\\\functions\\\\node_modules\\\\firebase-functions\\\\lib\\\\index.js\"}}"}}
[debug] [2021-08-12T11:20:03.238Z] [runtime-status] [24328] Resolved module firebase-functions {"declared":true,"installed":true,"version":"3.14.1","resolution":"C:\\Users\\Admin\\e-commerce-website\\functions\\node_modules\\firebase-functions\\lib\\index.js"} {"metadata":{"emulator":{"name":"functions"},"function":{"name":"us-central1-api"},"message":"[runtime-status] [24328] Resolved module firebase-functions {\"declared\":true,\"installed\":true,\"version\":\"3.14.1\",\"resolution\":\"C:\\\\Users\\\\Admin\\\\e-commerce-website\\\\functions\\\\node_modules\\\\firebase-functions\\\\lib\\\\index.js\"}"}}
[debug] [2021-08-12T11:20:03.239Z] [runtime-status] [24328] Resolved module firebase-admin {"declared":true,"installed":true,"version":"9.11.0","resolution":"C:\\Users\\Admin\\e-commerce-website\\functions\\node_modules\\firebase-admin\\lib\\index.js"} {"metadata":{"emulator":{"name":"functions"},"function":{"name":"us-central1-api"},"message":"[runtime-status] [24328] Resolved module firebase-admin {\"declared\":true,\"installed\":true,\"version\":\"9.11.0\",\"resolution\":\"C:\\\\Users\\\\Admin\\\\e-commerce-website\\\\functions\\\\node_modules\\\\firebase-admin\\\\lib\\\\index.js\"}"}}
[debug] [2021-08-12T11:20:03.240Z] [runtime-status] [24328] Resolved module firebase-functions {"declared":true,"installed":true,"version":"3.14.1","resolution":"C:\\Users\\Admin\\e-commerce-website\\functions\\node_modules\\firebase-functions\\lib\\index.js"} {"metadata":{"emulator":{"name":"functions"},"function":{"name":"us-central1-api"},"message":"[runtime-status] [24328] Resolved module firebase-functions {\"declared\":true,\"installed\":true,\"version\":\"3.14.1\",\"resolution\":\"C:\\\\Users\\\\Admin\\\\e-commerce-website\\\\functions\\\\node_modules\\\\firebase-functions\\\\lib\\\\index.js\"}"}}
[debug] [2021-08-12T11:20:03.241Z] [runtime-status] [24328] firebase-admin has been stubbed. {"adminResolution":{"declared":true,"installed":true,"version":"9.11.0","resolution":"C:\\Users\\Admin\\e-commerce-website\\functions\\node_modules\\firebase-admin\\lib\\index.js"}} {"metadata":{"emulator":{"name":"functions"},"function":{"name":"us-central1-api"},"message":"[runtime-status] [24328] firebase-admin has been stubbed. {\"adminResolution\":{\"declared\":true,\"installed\":true,\"version\":\"9.11.0\",\"resolution\":\"C:\\\\Users\\\\Admin\\\\e-commerce-website\\\\functions\\\\node_modules\\\\firebase-admin\\\\lib\\\\index.js\"}}"}}
[debug] [2021-08-12T11:20:03.750Z] [runtime-status] [24328] Trigger "us-central1-api" has been found, beginning invocation! {"metadata":{"emulator":{"name":"functions"},"function":{"name":"us-central1-api"},"message":"[runtime-status] [24328] Trigger \"us-central1-api\" has been found, beginning invocation!"}}
[info] i  functions: Beginning execution of "us-central1-api" {"metadata":{"emulator":{"name":"functions"},"function":{"name":"us-central1-api"},"message":"Beginning execution of \"us-central1-api\""}}
[debug] [2021-08-12T11:20:03.754Z] [runtime-status] [24328] triggerDefinition {"httpsTrigger":{},"name":"api","entryPoint":"api","regions":["us-central1"],"region":"us-central1","id":"us-central1-api"} {"metadata":{"emulator":{"name":"functions"},"function":{"name":"us-central1-api"},"message":"[runtime-status] [24328] triggerDefinition {\"httpsTrigger\":{},\"name\":\"api\",\"entryPoint\":\"api\",\"regions\":[\"us-central1\"],\"region\":\"us-central1\",\"id\":\"us-central1-api\"}"}}
[debug] [2021-08-12T11:20:03.755Z] [runtime-status] [24328] Running us-central1-api in mode HTTPS {"metadata":{"emulator":{"name":"functions"},"function":{"name":"us-central1-api"},"message":"[runtime-status] [24328] Running us-central1-api in mode HTTPS"}}
[debug] [2021-08-12T11:20:03.780Z] [runtime-status] [24328] Attempting to listen to socketPath: \\?\pipe\C:\Users\Admin\e-commerce-website\functions\24328 {"metadata":{"emulator":{"name":"functions"},"function":{"name":"us-central1-api"},"message":"[runtime-status] [24328] Attempting to listen to socketPath: \\\\?\\pipe\\C:\\Users\\Admin\\e-commerce-website\\functions\\24328"}}
[debug] [2021-08-12T11:20:03.794Z] [functions] Runtime ready! Sending request! {"metadata":{"emulator":{"name":"functions"},"message":"[functions] Runtime ready! Sending request!"}}
[debug] [2021-08-12T11:20:03.796Z] [functions] Got req.url=/e-commerce-c46d1/us-central1/api, mapping to path=/ {"metadata":{"emulator":{"name":"functions"},"message":"[functions] Got req.url=/e-commerce-c46d1/us-central1/api, mapping to path=/"}}
[debug] [2021-08-12T11:20:03.838Z] [runtime-status] [24328] Ephemeral server handling GET request {"metadata":{"emulator":{"name":"functions"},"function":{"name":"us-central1-api"},"message":"[runtime-status] [24328] Ephemeral server handling GET request"}}
[debug] [2021-08-12T11:20:03.896Z] [runtime-status] [24328] Ephemeral server survived. {"metadata":{"emulator":{"name":"functions"},"function":{"name":"us-central1-api"},"message":"[runtime-status] [24328] Ephemeral server survived."}}
[info] i  functions: Finished "us-central1-api" in ~1s {"metadata":{"emulator":{"name":"functions"},"function":{"name":"us-central1-api"},"message":"Finished \"us-central1-api\" in ~1s"}}
[debug] [2021-08-12T11:20:03.924Z] [worker-us-central1-api-b3178e2e-4a14-45ea-bb4b-89f4a62083ca]: IDLE {"metadata":{"emulator":{"name":"functions"},"message":"[worker-us-central1-api-b3178e2e-4a14-45ea-bb4b-89f4a62083ca]: IDLE"}}
[debug] [2021-08-12T11:20:03.925Z] [work-queue] {"queueLength":0,"workRunningCount":0}
[debug] [2021-08-12T11:20:04.133Z] Functions emulator received unknown request at path /favicon.ico
[debug] [2021-08-12T11:20:09.337Z] Aug 12, 2021 4:50:09 PM io.gapi.emulators.netty.HttpVersionRoutingHandler channelRead
INFO: Detected non-HTTP/2 connection.
 {"metadata":{"emulator":{"name":"firestore"},"message":"Aug 12, 2021 4:50:09 PM io.gapi.emulators.netty.HttpVersionRoutingHandler channelRead\r\nINFO: Detected non-HTTP/2 connection.\r\n"}}
[debug] [2021-08-12T11:20:09.862Z] Aug 12, 2021 4:50:09 PM com.google.cloud.datastore.emulator.firestore.websocket.WebSocketChannelHandler initChannel
INFO: Connected to new websocket client
 {"metadata":{"emulator":{"name":"firestore"},"message":"Aug 12, 2021 4:50:09 PM com.google.cloud.datastore.emulator.firestore.websocket.WebSocketChannelHandler initChannel\r\nINFO: Connected to new websocket client\r\n"}}
[debug] [2021-08-12T11:20:11.181Z] Aug 12, 2021 4:50:11 PM io.gapi.emulators.netty.HttpVersionRoutingHandler channelRead
INFO: Detected non-HTTP/2 connection.
 {"metadata":{"emulator":{"name":"firestore"},"message":"Aug 12, 2021 4:50:11 PM io.gapi.emulators.netty.HttpVersionRoutingHandler channelRead\r\nINFO: Detected non-HTTP/2 connection.\r\n"}}
[debug] [2021-08-12T11:20:11.622Z] Aug 12, 2021 4:50:11 PM com.google.cloud.datastore.emulator.firestore.websocket.WebSocketChannelHandler initChannel
INFO: Connected to new websocket client
 {"metadata":{"emulator":{"name":"firestore"},"message":"Aug 12, 2021 4:50:11 PM com.google.cloud.datastore.emulator.firestore.websocket.WebSocketChannelHandler initChannel\r\nINFO: Connected to new websocket client\r\n"}}
[debug] [2021-08-12T11:20:13.301Z] Aug 12, 2021 4:50:13 PM io.gapi.emulators.netty.HttpVersionRoutingHandler channelRead
INFO: Detected non-HTTP/2 connection.
 {"metadata":{"emulator":{"name":"firestore"},"message":"Aug 12, 2021 4:50:13 PM io.gapi.emulators.netty.HttpVersionRoutingHandler channelRead\r\nINFO: Detected non-HTTP/2 connection.\r\n"}}
[debug] [2021-08-12T11:20:15.188Z] Aug 12, 2021 4:50:15 PM io.gapi.emulators.netty.HttpVersionRoutingHandler channelRead
INFO: Detected non-HTTP/2 connection.
 {"metadata":{"emulator":{"name":"firestore"},"message":"Aug 12, 2021 4:50:15 PM io.gapi.emulators.netty.HttpVersionRoutingHandler channelRead\r\nINFO: Detected non-HTTP/2 connection.\r\n"}}
[debug] [2021-08-12T11:20:15.352Z] Aug 12, 2021 4:50:15 PM io.gapi.emulators.netty.HttpVersionRoutingHandler channelRead
INFO: Detected non-HTTP/2 connection.
 {"metadata":{"emulator":{"name":"firestore"},"message":"Aug 12, 2021 4:50:15 PM io.gapi.emulators.netty.HttpVersionRoutingHandler channelRead\r\nINFO: Detected non-HTTP/2 connection.\r\n"}}
[debug] [2021-08-12T11:20:15.592Z] Aug 12, 2021 4:50:15 PM com.google.cloud.datastore.emulator.firestore.websocket.WebSocketChannelHandler channelClosed
INFO: Websocket client disconnected
 {"metadata":{"emulator":{"name":"firestore"},"message":"Aug 12, 2021 4:50:15 PM com.google.cloud.datastore.emulator.firestore.websocket.WebSocketChannelHandler channelClosed\r\nINFO: Websocket client disconnected\r\n"}}
[debug] [2021-08-12T12:31:18.751Z] [work-queue] {"queueLength":1,"workRunningCount":0}
[debug] [2021-08-12T12:31:18.752Z] [work-queue] {"queueLength":0,"workRunningCount":1}
[debug] [2021-08-12T12:31:18.752Z] Accepted request POST /e-commerce-c46d1/us-central1/api/payments/create?total=43500 --> us-central1-api
[debug] [2021-08-12T12:31:18.752Z] [worker-pool] submitWork(triggerId=us-central1-api) {"metadata":{"emulator":{"name":"functions"},"message":"[worker-pool] submitWork(triggerId=us-central1-api)"}}
[debug] [2021-08-12T12:31:18.753Z] [worker-us-central1-api-b3178e2e-4a14-45ea-bb4b-89f4a62083ca]: Assigning socketPath: \\?\pipe\C:\Users\Admin\e-commerce-website\functions\24328 {"metadata":{"emulator":{"name":"functions"},"message":"[worker-us-central1-api-b3178e2e-4a14-45ea-bb4b-89f4a62083ca]: Assigning socketPath: \\\\?\\pipe\\C:\\Users\\Admin\\e-commerce-website\\functions\\24328"}}
[debug] [2021-08-12T12:31:18.753Z] [worker-us-central1-api-b3178e2e-4a14-45ea-bb4b-89f4a62083ca]: BUSY {"metadata":{"emulator":{"name":"functions"},"message":"[worker-us-central1-api-b3178e2e-4a14-45ea-bb4b-89f4a62083ca]: BUSY"}}
[debug] [2021-08-12T12:31:18.802Z] [runtime-status] [24328] Trigger "us-central1-api" has been found, beginning invocation! {"metadata":{"emulator":{"name":"functions"},"function":{"name":"us-central1-api"},"message":"[runtime-status] [24328] Trigger \"us-central1-api\" has been found, beginning invocation!"}}
[info] i  functions: Beginning execution of "us-central1-api" {"metadata":{"emulator":{"name":"functions"},"function":{"name":"us-central1-api"},"message":"Beginning execution of \"us-central1-api\""}}
[debug] [2021-08-12T12:31:18.855Z] [runtime-status] [24328] triggerDefinition {"httpsTrigger":{},"name":"api","entryPoint":"api","regions":["us-central1"],"region":"us-central1","id":"us-central1-api"} {"metadata":{"emulator":{"name":"functions"},"function":{"name":"us-central1-api"},"message":"[runtime-status] [24328] triggerDefinition {\"httpsTrigger\":{},\"name\":\"api\",\"entryPoint\":\"api\",\"regions\":[\"us-central1\"],\"region\":\"us-central1\",\"id\":\"us-central1-api\"}"}}
[debug] [2021-08-12T12:31:18.855Z] [runtime-status] [24328] Running us-central1-api in mode HTTPS {"metadata":{"emulator":{"name":"functions"},"function":{"name":"us-central1-api"},"message":"[runtime-status] [24328] Running us-central1-api in mode HTTPS"}}
[debug] [2021-08-12T12:31:18.856Z] [runtime-status] [24328] Attempting to listen to socketPath: \\?\pipe\C:\Users\Admin\e-commerce-website\functions\24328 {"metadata":{"emulator":{"name":"functions"},"function":{"name":"us-central1-api"},"message":"[runtime-status] [24328] Attempting to listen to socketPath: \\\\?\\pipe\\C:\\Users\\Admin\\e-commerce-website\\functions\\24328"}}
[debug] [2021-08-12T12:31:18.944Z] [functions] Runtime ready! Sending request! {"metadata":{"emulator":{"name":"functions"},"message":"[functions] Runtime ready! Sending request!"}}
[debug] [2021-08-12T12:31:18.946Z] [functions] Got req.url=/e-commerce-c46d1/us-central1/api/payments/create?total=43500, mapping to path=/payments/create?total=43500 {"metadata":{"emulator":{"name":"functions"},"message":"[functions] Got req.url=/e-commerce-c46d1/us-central1/api/payments/create?total=43500, mapping to path=/payments/create?total=43500"}}
[debug] [2021-08-12T12:31:18.956Z] [runtime-status] [24328] Ephemeral server handling POST request {"metadata":{"emulator":{"name":"functions"},"function":{"name":"us-central1-api"},"message":"[runtime-status] [24328] Ephemeral server handling POST request"}}
[info] >  Payment Request recieved for this amount >>> 43500 {"user":"Payment Request recieved for this amount >>> 43500","metadata":{"emulator":{"name":"functions"},"function":{"name":"us-central1-api"},"message":"\u001b[90m> \u001b[39m Payment Request recieved for this amount >>> 43500"}}
[debug] [2021-08-12T12:31:19.008Z] [runtime-status] [24328] Ephemeral server survived. {"metadata":{"emulator":{"name":"functions"},"function":{"name":"us-central1-api"},"message":"[runtime-status] [24328] Ephemeral server survived."}}
[info] i  functions: Finished "us-central1-api" in ~2s {"metadata":{"emulator":{"name":"functions"},"function":{"name":"us-central1-api"},"message":"Finished \"us-central1-api\" in ~2s"}}
[debug] [2021-08-12T12:31:21.550Z] [worker-us-central1-api-b3178e2e-4a14-45ea-bb4b-89f4a62083ca]: IDLE {"metadata":{"emulator":{"name":"functions"},"message":"[worker-us-central1-api-b3178e2e-4a14-45ea-bb4b-89f4a62083ca]: IDLE"}}
[debug] [2021-08-12T12:31:21.551Z] [work-queue] {"queueLength":0,"workRunningCount":0}
[debug] [2021-08-12T12:31:39.561Z] [work-queue] {"queueLength":1,"workRunningCount":0}
[debug] [2021-08-12T12:31:39.561Z] [work-queue] {"queueLength":0,"workRunningCount":1}
[debug] [2021-08-12T12:31:39.561Z] Accepted request POST /e-commerce-c46d1/us-central1/api/payments/create?total=0 --> us-central1-api
[debug] [2021-08-12T12:31:39.561Z] [worker-pool] submitWork(triggerId=us-central1-api) {"metadata":{"emulator":{"name":"functions"},"message":"[worker-pool] submitWork(triggerId=us-central1-api)"}}
[debug] [2021-08-12T12:31:39.561Z] [worker-us-central1-api-b3178e2e-4a14-45ea-bb4b-89f4a62083ca]: Assigning socketPath: \\?\pipe\C:\Users\Admin\e-commerce-website\functions\24328 {"metadata":{"emulator":{"name":"functions"},"message":"[worker-us-central1-api-b3178e2e-4a14-45ea-bb4b-89f4a62083ca]: Assigning socketPath: \\\\?\\pipe\\C:\\Users\\Admin\\e-commerce-website\\functions\\24328"}}
[debug] [2021-08-12T12:31:39.561Z] [worker-us-central1-api-b3178e2e-4a14-45ea-bb4b-89f4a62083ca]: BUSY {"metadata":{"emulator":{"name":"functions"},"message":"[worker-us-central1-api-b3178e2e-4a14-45ea-bb4b-89f4a62083ca]: BUSY"}}
[debug] [2021-08-12T12:31:39.562Z] [runtime-status] [24328] Trigger "us-central1-api" has been found, beginning invocation! {"metadata":{"emulator":{"name":"functions"},"function":{"name":"us-central1-api"},"message":"[runtime-status] [24328] Trigger \"us-central1-api\" has been found, beginning invocation!"}}
[info] i  functions: Beginning execution of "us-central1-api" {"metadata":{"emulator":{"name":"functions"},"function":{"name":"us-central1-api"},"message":"Beginning execution of \"us-central1-api\""}}
[debug] [2021-08-12T12:31:39.564Z] [runtime-status] [24328] triggerDefinition {"httpsTrigger":{},"name":"api","entryPoint":"api","regions":["us-central1"],"region":"us-central1","id":"us-central1-api"} {"metadata":{"emulator":{"name":"functions"},"function":{"name":"us-central1-api"},"message":"[runtime-status] [24328] triggerDefinition {\"httpsTrigger\":{},\"name\":\"api\",\"entryPoint\":\"api\",\"regions\":[\"us-central1\"],\"region\":\"us-central1\",\"id\":\"us-central1-api\"}"}}
[debug] [2021-08-12T12:31:39.565Z] [runtime-status] [24328] Running us-central1-api in mode HTTPS {"metadata":{"emulator":{"name":"functions"},"function":{"name":"us-central1-api"},"message":"[runtime-status] [24328] Running us-central1-api in mode HTTPS"}}
[debug] [2021-08-12T12:31:39.565Z] [runtime-status] [24328] Attempting to listen to socketPath: \\?\pipe\C:\Users\Admin\e-commerce-website\functions\24328 {"metadata":{"emulator":{"name":"functions"},"function":{"name":"us-central1-api"},"message":"[runtime-status] [24328] Attempting to listen to socketPath: \\\\?\\pipe\\C:\\Users\\Admin\\e-commerce-website\\functions\\24328"}}
[debug] [2021-08-12T12:31:39.567Z] [functions] Runtime ready! Sending request! {"metadata":{"emulator":{"name":"functions"},"message":"[functions] Runtime ready! Sending request!"}}
[debug] [2021-08-12T12:31:39.568Z] [functions] Got req.url=/e-commerce-c46d1/us-central1/api/payments/create?total=0, mapping to path=/payments/create?total=0 {"metadata":{"emulator":{"name":"functions"},"message":"[functions] Got req.url=/e-commerce-c46d1/us-central1/api/payments/create?total=0, mapping to path=/payments/create?total=0"}}
[debug] [2021-08-12T12:31:39.573Z] [runtime-status] [24328] Ephemeral server handling POST request {"metadata":{"emulator":{"name":"functions"},"function":{"name":"us-central1-api"},"message":"[runtime-status] [24328] Ephemeral server handling POST request"}}
[info] >  Payment Request recieved for this amount >>> 0 {"user":"Payment Request recieved for this amount >>> 0","metadata":{"emulator":{"name":"functions"},"function":{"name":"us-central1-api"},"message":"\u001b[90m> \u001b[39m Payment Request recieved for this amount >>> 0"}}
[debug] [2021-08-12T12:31:39.580Z] [runtime-status] [24328] Ephemeral server survived. {"metadata":{"emulator":{"name":"functions"},"function":{"name":"us-central1-api"},"message":"[runtime-status] [24328] Ephemeral server survived."}}
[info] >  (node:24328) UnhandledPromiseRejectionWarning: Error: This value must be greater than or equal to 1. {"user":"(node:24328) UnhandledPromiseRejectionWarning: Error: This value must be greater than or equal to 1.","metadata":{"emulator":{"name":"functions"},"function":{"name":"us-central1-api"},"message":"\u001b[90m> \u001b[39m (node:24328) UnhandledPromiseRejectionWarning: Error: This value must be greater than or equal to 1."}}
[info] >      at Function.generate (C:\Users\Admin\e-commerce-website\node_modules\stripe\lib\Error.js:40:16) {"user":"    at Function.generate (C:\\Users\\Admin\\e-commerce-website\\node_modules\\stripe\\lib\\Error.js:40:16)","metadata":{"emulator":{"name":"functions"},"function":{"name":"us-central1-api"},"message":"\u001b[90m> \u001b[39m     at Function.generate (C:\\Users\\Admin\\e-commerce-website\\node_modules\\stripe\\lib\\Error.js:40:16)"}}
[info] >      at IncomingMessage.<anonymous> (C:\Users\Admin\e-commerce-website\node_modules\stripe\lib\StripeResource.js:205:33) {"user":"    at IncomingMessage.<anonymous> (C:\\Users\\Admin\\e-commerce-website\\node_modules\\stripe\\lib\\StripeResource.js:205:33)","metadata":{"emulator":{"name":"functions"},"function":{"name":"us-central1-api"},"message":"\u001b[90m> \u001b[39m     at IncomingMessage.<anonymous> (C:\\Users\\Admin\\e-commerce-website\\node_modules\\stripe\\lib\\StripeResource.js:205:33)"}}
[info] >      at Object.onceWrapper (events.js:421:28) {"user":"    at Object.onceWrapper (events.js:421:28)","metadata":{"emulator":{"name":"functions"},"function":{"name":"us-central1-api"},"message":"\u001b[90m> \u001b[39m     at Object.onceWrapper (events.js:421:28)"}}
[info] >      at IncomingMessage.emit (events.js:327:22) {"user":"    at IncomingMessage.emit (events.js:327:22)","metadata":{"emulator":{"name":"functions"},"function":{"name":"us-central1-api"},"message":"\u001b[90m> \u001b[39m     at IncomingMessage.emit (events.js:327:22)"}}
[info] >      at endReadableNT (internal/streams/readable.js:1327:12) {"user":"    at endReadableNT (internal/streams/readable.js:1327:12)","metadata":{"emulator":{"name":"functions"},"function":{"name":"us-central1-api"},"message":"\u001b[90m> \u001b[39m     at endReadableNT (internal/streams/readable.js:1327:12)"}}
[info] >      at processTicksAndRejections (internal/process/task_queues.js:80:21) {"user":"    at processTicksAndRejections (internal/process/task_queues.js:80:21)","metadata":{"emulator":{"name":"functions"},"function":{"name":"us-central1-api"},"message":"\u001b[90m> \u001b[39m     at processTicksAndRejections (internal/process/task_queues.js:80:21)"}}
[info] >  (Use `node --trace-warnings ...` to show where the warning was created) {"user":"(Use `node --trace-warnings ...` to show where the warning was created)","metadata":{"emulator":{"name":"functions"},"function":{"name":"us-central1-api"},"message":"\u001b[90m> \u001b[39m (Use `node --trace-warnings ...` to show where the warning was created)"}}
[info] >  (node:24328) UnhandledPromiseRejectionWarning: Unhandled promise rejection. This error originated either by throwing inside of an async function without a catch block, or by rejecting a promise which was not handled with .catch(). To terminate the node process on unhandled promise rejection, use the CLI flag `--unhandled-rejections=strict` (see https://nodejs.org/api/cli.html#cli_unhandled_rejections_mode). (rejection id: 1) {"user":"(node:24328) UnhandledPromiseRejectionWarning: Unhandled promise rejection. This error originated either by throwing inside of an async function without a catch block, or by rejecting a promise which was not handled with .catch(). To terminate the node process on unhandled promise rejection, use the CLI flag `--unhandled-rejections=strict` (see https://nodejs.org/api/cli.html#cli_unhandled_rejections_mode). (rejection id: 1)","metadata":{"emulator":{"name":"functions"},"function":{"name":"us-central1-api"},"message":"\u001b[90m> \u001b[39m (node:24328) UnhandledPromiseRejectionWarning: Unhandled promise rejection. This error originated either by throwing inside of an async function without a catch block, or by rejecting a promise which was not handled with .catch(). To terminate the node process on unhandled promise rejection, use the CLI flag `--unhandled-rejections=strict` (see https://nodejs.org/api/cli.html#cli_unhandled_rejections_mode). (rejection id: 1)"}}
[info] >  (node:24328) [DEP0018] DeprecationWarning: Unhandled promise rejections are deprecated. In the future, promise rejections that are not handled will terminate the Node.js process with a non-zero exit code. {"user":"(node:24328) [DEP0018] DeprecationWarning: Unhandled promise rejections are deprecated. In the future, promise rejections that are not handled will terminate the Node.js process with a non-zero exit code.","metadata":{"emulator":{"name":"functions"},"function":{"name":"us-central1-api"},"message":"\u001b[90m> \u001b[39m (node:24328) [DEP0018] DeprecationWarning: Unhandled promise rejections are deprecated. In the future, promise rejections that are not handled will terminate the Node.js process with a non-zero exit code."}}
[warn] !  functions: Your function timed out after ~60s. To configure this timeout, see
      https://firebase.google.com/docs/functions/manage-functions#set_timeout_and_memory_allocation. {"metadata":{"emulator":{"name":"functions"},"function":{"name":"us-central1-api"},"message":"Your function timed out after ~60s. To configure this timeout, see\n      https://firebase.google.com/docs/functions/manage-functions#set_timeout_and_memory_allocation."}}
[info] >  C:\Users\Admin\AppData\Roaming\npm\node_modules\firebase-tools\lib\emulator\functionsEmulatorRuntime.js:651 {"user":"C:\\Users\\Admin\\AppData\\Roaming\\npm\\node_modules\\firebase-tools\\lib\\emulator\\functionsEmulatorRuntime.js:651\r","metadata":{"emulator":{"name":"functions"},"function":{"name":"us-central1-api"},"message":"\u001b[90m> \u001b[39m C:\\Users\\Admin\\AppData\\Roaming\\npm\\node_modules\\firebase-tools\\lib\\emulator\\functionsEmulatorRuntime.js:651\r"}}
[info] >              throw new Error("Function timed out."); {"user":"            throw new Error(\"Function timed out.\");\r","metadata":{"emulator":{"name":"functions"},"function":{"name":"us-central1-api"},"message":"\u001b[90m> \u001b[39m             throw new Error(\"Function timed out.\");\r"}}
[info] >              ^ {"user":"            ^\r","metadata":{"emulator":{"name":"functions"},"function":{"name":"us-central1-api"},"message":"\u001b[90m> \u001b[39m             ^\r"}}
[info] >   {"user":"\r","metadata":{"emulator":{"name":"functions"},"function":{"name":"us-central1-api"},"message":"\u001b[90m> \u001b[39m \r"}}
[info] >  Error: Function timed out. {"user":"Error: Function timed out.\r","metadata":{"emulator":{"name":"functions"},"function":{"name":"us-central1-api"},"message":"\u001b[90m> \u001b[39m Error: Function timed out.\r"}}
[info] >      at Timeout._onTimeout (C:\Users\Admin\AppData\Roaming\npm\node_modules\firebase-tools\lib\emulator\functionsEmulatorRuntime.js:651:19) {"user":"    at Timeout._onTimeout (C:\\Users\\Admin\\AppData\\Roaming\\npm\\node_modules\\firebase-tools\\lib\\emulator\\functionsEmulatorRuntime.js:651:19)\r","metadata":{"emulator":{"name":"functions"},"function":{"name":"us-central1-api"},"message":"\u001b[90m> \u001b[39m     at Timeout._onTimeout (C:\\Users\\Admin\\AppData\\Roaming\\npm\\node_modules\\firebase-tools\\lib\\emulator\\functionsEmulatorRuntime.js:651:19)\r"}}
[info] >      at listOnTimeout (internal/timers.js:554:17) {"user":"    at listOnTimeout (internal/timers.js:554:17)\r","metadata":{"emulator":{"name":"functions"},"function":{"name":"us-central1-api"},"message":"\u001b[90m> \u001b[39m     at listOnTimeout (internal/timers.js:554:17)\r"}}
[info] >      at processTimers (internal/timers.js:497:7) {"user":"    at processTimers (internal/timers.js:497:7)\r","metadata":{"emulator":{"name":"functions"},"function":{"name":"us-central1-api"},"message":"\u001b[90m> \u001b[39m     at processTimers (internal/timers.js:497:7)\r"}}
[debug] [2021-08-12T12:32:39.724Z] [worker-us-central1-api-b3178e2e-4a14-45ea-bb4b-89f4a62083ca]: exited {"metadata":{"emulator":{"name":"functions"},"message":"[worker-us-central1-api-b3178e2e-4a14-45ea-bb4b-89f4a62083ca]: exited"}}
[debug] [2021-08-12T12:32:39.725Z] [worker-us-central1-api-b3178e2e-4a14-45ea-bb4b-89f4a62083ca]: FINISHED {"metadata":{"emulator":{"name":"functions"},"message":"[worker-us-central1-api-b3178e2e-4a14-45ea-bb4b-89f4a62083ca]: FINISHED"}}
[debug] [2021-08-12T12:32:39.725Z] [work-queue] {"queueLength":0,"workRunningCount":0}
[debug] [2021-08-12T12:46:21.918Z] Aug 12, 2021 6:16:21 PM com.google.cloud.datastore.emulator.firestore.websocket.WebSocketChannelHandler channelClosed
INFO: Websocket client disconnected
 {"metadata":{"emulator":{"name":"firestore"},"message":"Aug 12, 2021 6:16:21 PM com.google.cloud.datastore.emulator.firestore.websocket.WebSocketChannelHandler channelClosed\r\nINFO: Websocket client disconnected\r\n"}}
[debug] [2021-08-12T14:50:11.776Z] Aug 12, 2021 8:20:11 PM com.google.cloud.datastore.emulator.firestore.websocket.WebSocketChannelHandler initChannel
INFO: Connected to new websocket client
 {"metadata":{"emulator":{"name":"firestore"},"message":"Aug 12, 2021 8:20:11 PM com.google.cloud.datastore.emulator.firestore.websocket.WebSocketChannelHandler initChannel\r\nINFO: Connected to new websocket client\r\n"}}
[debug] [2021-08-12T15:03:57.091Z] Aug 12, 2021 8:33:57 PM com.google.cloud.datastore.emulator.firestore.websocket.WebSocketChannelHandler channelClosed
INFO: Websocket client disconnected
 {"metadata":{"emulator":{"name":"firestore"},"message":"Aug 12, 2021 8:33:57 PM com.google.cloud.datastore.emulator.firestore.websocket.WebSocketChannelHandler channelClosed\r\nINFO: Websocket client disconnected\r\n"}}
[debug] [2021-08-12T15:54:09.195Z] Aug 12, 2021 9:24:09 PM com.google.cloud.datastore.emulator.firestore.websocket.WebSocketChannelHandler initChannel
INFO: Connected to new websocket client
 {"metadata":{"emulator":{"name":"firestore"},"message":"Aug 12, 2021 9:24:09 PM com.google.cloud.datastore.emulator.firestore.websocket.WebSocketChannelHandler initChannel\r\nINFO: Connected to new websocket client\r\n"}}
[debug] [2021-08-12T15:54:55.927Z] Received signal SIGHUP 1
